<?xml version="1.0" encoding="UTF-8"?>
<testsuite xmlns:xsi="http://www.w3.org/2001/XMLSchema-instance" xsi:noNamespaceSchemaLocation="https://maven.apache.org/surefire/maven-surefire-plugin/xsd/surefire-test-report.xsd" name="tpdds.AppTest" time="0.116" tests="3" errors="0" skipped="0" failures="0">
  <properties>
[...]
</properties>
  <testcase name="facturaCerradaNoCambiaPrecio" classname="tpdds.AppTest" time="0.028"/>
  <testcase name="facturaCalculaPrecio" classname="tpdds.AppTest" time="0"/>
  <testcase name="seAgreganItems" classname="tpdds.AppTest" time="0"/>
</testsuite>